<?xml version="1.0" encoding="UTF-8"?>
<!-- Generated by org.testng.reporters.JUnitReportReporter -->
<testsuite skipped="0" hostname="Ganesh-PC" name="ISR.apple" tests="4" failures="0" timestamp="2019-12-16T21:38:28 IST" time="43.984" errors="0">
  <testcase name="FCRA_registration" time="15.677" classname="ISR.apple"/>
  <testcase name="Pending_FCRA" time="0.132" classname="ISR.apple"/>
  <testcase name="Download_FCRA" time="0.651" classname="ISR.apple"/>
  <testcase name="verified_fcra" time="27.524" classname="ISR.apple"/>
</testsuite> <!-- ISR.apple -->
